2026-04-21T10:50:43.159+07:00  INFO 24868 --- [movie-recommendation] [main] n.f.m.MovieBackendApplication            : Starting MovieBackendApplication using Java 21.0.10 with PID 24868 (F:\project_SW\Media-Recommender-System\movie-backend\target\classes started by dotai in F:\project_SW\Media-Recommender-System\movie-backend)
2026-04-21T10:50:43.162+07:00 DEBUG 24868 --- [movie-recommendation] [main] n.f.m.MovieBackendApplication            : Running with Spring Boot v3.4.10, Spring v6.2.11
2026-04-21T10:50:43.162+07:00  INFO 24868 --- [movie-recommendation] [main] n.f.m.MovieBackendApplication            : No active profile set, falling back to 1 default profile: "default"
2026-04-21T10:50:45.366+07:00  INFO 24868 --- [movie-recommendation] [main] .s.d.r.c.RepositoryConfigurationDelegate : Multiple Spring Data modules found, entering strict repository configuration mode
2026-04-21T10:50:45.369+07:00  INFO 24868 --- [movie-recommendation] [main] .s.d.r.c.RepositoryConfigurationDelegate : Bootstrapping Spring Data Elasticsearch repositories in DEFAULT mode.
2026-04-21T10:50:45.567+07:00  INFO 24868 --- [movie-recommendation] [main] .RepositoryConfigurationExtensionSupport : Spring Data Elasticsearch - Could not safely identify store assignment for repository candidate interface nlu.fit.movie_backend.repository.jpa.AuthRepository; If you want this repository to be a Elasticsearch repository, consider annotating your entities with one of these annotations: org.springframework.data.elasticsearch.annotations.Document (preferred), or consider extending one of the following types with your repository: org.springframework.data.elasticsearch.repository.ElasticsearchRepository
2026-04-21T10:50:45.568+07:00  INFO 24868 --- [movie-recommendation] [main] .RepositoryConfigurationExtensionSupport : Spring Data Elasticsearch - Could not safely identify store assignment for repository candidate interface nlu.fit.movie_backend.repository.jpa.FavoriteRepository; If you want this repository to be a Elasticsearch repository, consider annotating your entities with one of these annotations: org.springframework.data.elasticsearch.annotations.Document (preferred), or consider extending one of the following types with your repository: org.springframework.data.elasticsearch.repository.ElasticsearchRepository
2026-04-21T10:50:45.570+07:00  INFO 24868 --- [movie-recommendation] [main] .RepositoryConfigurationExtensionSupport : Spring Data Elasticsearch - Could not safely identify store assignment for repository candidate interface nlu.fit.movie_backend.repository.jpa.GenreRepository; If you want this repository to be a Elasticsearch repository, consider annotating your entities with one of these annotations: org.springframework.data.elasticsearch.annotations.Document (preferred), or consider extending one of the following types with your repository: org.springframework.data.elasticsearch.repository.ElasticsearchRepository
2026-04-21T10:50:45.574+07:00  INFO 24868 --- [movie-recommendation] [main] .RepositoryConfigurationExtensionSupport : Spring Data Elasticsearch - Could not safely identify store assignment for repository candidate interface nlu.fit.movie_backend.repository.jpa.ItemSimilarityRepository; If you want this repository to be a Elasticsearch repository, consider annotating your entities with one of these annotations: org.springframework.data.elasticsearch.annotations.Document (preferred), or consider extending one of the following types with your repository: org.springframework.data.elasticsearch.repository.ElasticsearchRepository
2026-04-21T10:50:45.576+07:00  INFO 24868 --- [movie-recommendation] [main] .RepositoryConfigurationExtensionSupport : Spring Data Elasticsearch - Could not safely identify store assignment for repository candidate interface nlu.fit.movie_backend.repository.jpa.MediaContentRepository; If you want this repository to be a Elasticsearch repository, consider annotating your entities with one of these annotations: org.springframework.data.elasticsearch.annotations.Document (preferred), or consider extending one of the following types with your repository: org.springframework.data.elasticsearch.repository.ElasticsearchRepository
2026-04-21T10:50:45.578+07:00  INFO 24868 --- [movie-recommendation] [main] .RepositoryConfigurationExtensionSupport : Spring Data Elasticsearch - Could not safely identify store assignment for repository candidate interface nlu.fit.movie_backend.repository.jpa.ModelRegistryRepository; If you want this repository to be a Elasticsearch repository, consider annotating your entities with one of these annotations: org.springframework.data.elasticsearch.annotations.Document (preferred), or consider extending one of the following types with your repository: org.springframework.data.elasticsearch.repository.ElasticsearchRepository
2026-04-21T10:50:45.584+07:00  INFO 24868 --- [movie-recommendation] [main] .RepositoryConfigurationExtensionSupport : Spring Data Elasticsearch - Could not safely identify store assignment for repository candidate interface nlu.fit.movie_backend.repository.jpa.MovieRepository; If you want this repository to be a Elasticsearch repository, consider annotating your entities with one of these annotations: org.springframework.data.elasticsearch.annotations.Document (preferred), or consider extending one of the following types with your repository: org.springframework.data.elasticsearch.repository.ElasticsearchRepository
2026-04-21T10:50:45.586+07:00  INFO 24868 --- [movie-recommendation] [main] .RepositoryConfigurationExtensionSupport : Spring Data Elasticsearch - Could not safely identify store assignment for repository candidate interface nlu.fit.movie_backend.repository.jpa.RateRepository; If you want this repository to be a Elasticsearch repository, consider annotating your entities with one of these annotations: org.springframework.data.elasticsearch.annotations.Document (preferred), or consider extending one of the following types with your repository: org.springframework.data.elasticsearch.repository.ElasticsearchRepository
2026-04-21T10:50:45.589+07:00  INFO 24868 --- [movie-recommendation] [main] .RepositoryConfigurationExtensionSupport : Spring Data Elasticsearch - Could not safely identify store assignment for repository candidate interface nlu.fit.movie_backend.repository.jpa.TokenRepository; If you want this repository to be a Elasticsearch repository, consider annotating your entities with one of these annotations: org.springframework.data.elasticsearch.annotations.Document (preferred), or consider extending one of the following types with your repository: org.springframework.data.elasticsearch.repository.ElasticsearchRepository
2026-04-21T10:50:45.592+07:00  INFO 24868 --- [movie-recommendation] [main] .RepositoryConfigurationExtensionSupport : Spring Data Elasticsearch - Could not safely identify store assignment for repository candidate interface nlu.fit.movie_backend.repository.jpa.TrainingJobRepository; If you want this repository to be a Elasticsearch repository, consider annotating your entities with one of these annotations: org.springframework.data.elasticsearch.annotations.Document (preferred), or consider extending one of the following types with your repository: org.springframework.data.elasticsearch.repository.ElasticsearchRepository
2026-04-21T10:50:45.595+07:00  INFO 24868 --- [movie-recommendation] [main] .RepositoryConfigurationExtensionSupport : Spring Data Elasticsearch - Could not safely identify store assignment for repository candidate interface nlu.fit.movie_backend.repository.jpa.UserRepository; If you want this repository to be a Elasticsearch repository, consider annotating your entities with one of these annotations: org.springframework.data.elasticsearch.annotations.Document (preferred), or consider extending one of the following types with your repository: org.springframework.data.elasticsearch.repository.ElasticsearchRepository
2026-04-21T10:50:45.599+07:00  INFO 24868 --- [movie-recommendation] [main] .RepositoryConfigurationExtensionSupport : Spring Data Elasticsearch - Could not safely identify store assignment for repository candidate interface nlu.fit.movie_backend.repository.jpa.WatchHistoryRepository; If you want this repository to be a Elasticsearch repository, consider annotating your entities with one of these annotations: org.springframework.data.elasticsearch.annotations.Document (preferred), or consider extending one of the following types with your repository: org.springframework.data.elasticsearch.repository.ElasticsearchRepository
2026-04-21T10:50:45.629+07:00  INFO 24868 --- [movie-recommendation] [main] .s.d.r.c.RepositoryConfigurationDelegate : Finished Spring Data repository scanning in 250 ms. Found 1 Elasticsearch repository interface.
2026-04-21T10:50:45.648+07:00  INFO 24868 --- [movie-recommendation] [main] .s.d.r.c.RepositoryConfigurationDelegate : Multiple Spring Data modules found, entering strict repository configuration mode
2026-04-21T10:50:45.651+07:00  INFO 24868 --- [movie-recommendation] [main] .s.d.r.c.RepositoryConfigurationDelegate : Bootstrapping Spring Data JPA repositories in DEFAULT mode.
2026-04-21T10:50:45.676+07:00  INFO 24868 --- [movie-recommendation] [main] .RepositoryConfigurationExtensionSupport : Spring Data JPA - Could not safely identify store assignment for repository candidate interface nlu.fit.movie_backend.repository.elasticsearchrepository.MediaContentSearchRepository; If you want this repository to be a JPA repository, consider annotating your entities with one of these annotations: jakarta.persistence.Entity, jakarta.persistence.MappedSuperclass (preferred), or consider extending one of the following types with your repository: org.springframework.data.jpa.repository.JpaRepository
2026-04-21T10:50:45.728+07:00  INFO 24868 --- [movie-recommendation] [main] .s.d.r.c.RepositoryConfigurationDelegate : Finished Spring Data repository scanning in 68 ms. Found 12 JPA repository interfaces.
2026-04-21T10:50:47.279+07:00  INFO 24868 --- [movie-recommendation] [main] o.s.b.w.embedded.tomcat.TomcatWebServer  : Tomcat initialized with port 8080 (http)
2026-04-21T10:50:47.301+07:00  INFO 24868 --- [movie-recommendation] [main] o.apache.catalina.core.StandardService   : Starting service [Tomcat]
2026-04-21T10:50:47.301+07:00  INFO 24868 --- [movie-recommendation] [main] o.apache.catalina.core.StandardEngine    : Starting Servlet engine: [Apache Tomcat/10.1.46]
2026-04-21T10:50:47.410+07:00  INFO 24868 --- [movie-recommendation] [main] o.a.c.c.C.[Tomcat].[localhost].[/]       : Initializing Spring embedded WebApplicationContext
2026-04-21T10:50:47.411+07:00  INFO 24868 --- [movie-recommendation] [main] w.s.c.ServletWebServerApplicationContext : Root WebApplicationContext: initialization completed in 3942 ms
2026-04-21T10:50:47.691+07:00 DEBUG 24868 --- [movie-recommendation] [main] n.f.m.config.JwtAuthenticationFilter     : Filter 'jwtAuthenticationFilter' configured for use
2026-04-21T10:50:47.902+07:00  INFO 24868 --- [movie-recommendation] [main] o.hibernate.jpa.internal.util.LogHelper  : HHH000204: Processing PersistenceUnitInfo [name: default]
2026-04-21T10:50:48.020+07:00  INFO 24868 --- [movie-recommendation] [main] org.hibernate.Version                    : HHH000412: Hibernate ORM core version 6.6.29.Final
2026-04-21T10:50:48.088+07:00  INFO 24868 --- [movie-recommendation] [main] o.h.c.internal.RegionFactoryInitiator    : HHH000026: Second-level cache disabled
2026-04-21T10:50:48.570+07:00  INFO 24868 --- [movie-recommendation] [main] o.s.o.j.p.SpringPersistenceUnitInfo      : No LoadTimeWeaver setup: ignoring JPA class transformer
2026-04-21T10:50:48.631+07:00  INFO 24868 --- [movie-recommendation] [main] com.zaxxer.hikari.HikariDataSource       : HikariPool-1 - Starting...
2026-04-21T10:50:50.184+07:00  INFO 24868 --- [movie-recommendation] [main] com.zaxxer.hikari.pool.HikariPool        : HikariPool-1 - Added connection org.postgresql.jdbc.PgConnection@44c2e8a8
2026-04-21T10:50:50.186+07:00  INFO 24868 --- [movie-recommendation] [main] com.zaxxer.hikari.HikariDataSource       : HikariPool-1 - Start completed.
2026-04-21T10:50:50.324+07:00  WARN 24868 --- [movie-recommendation] [main] org.hibernate.orm.deprecation            : HHH90000025: PostgreSQLDialect does not need to be specified explicitly using 'hibernate.dialect' (remove the property setting and it will be selected by default)
2026-04-21T10:50:50.473+07:00  INFO 24868 --- [movie-recommendation] [main] org.hibernate.orm.connections.pooling    : HHH10001005: Database info:
	Database JDBC URL [Connecting through datasource 'HikariDataSource (HikariPool-1)']
	Database driver: undefined/unknown
	Database version: 17.8
	Autocommit mode: undefined/unknown
	Isolation level: undefined/unknown
	Minimum pool size: undefined/unknown
	Maximum pool size: undefined/unknown
2026-04-21T10:50:52.689+07:00  WARN 24868 --- [movie-recommendation] [main] o.h.metamodel.internal.MetadataContext   : HHH015011: Unable to locate static metamodel field : nlu.fit.movie_backend.model.User_#joinedDate; this may or may not indicate a problem with the static metamodel
2026-04-21T10:50:52.700+07:00  INFO 24868 --- [movie-recommendation] [main] o.h.e.t.j.p.i.JtaPlatformInitiator       : HHH000489: No JTA platform available (set 'hibernate.transaction.jta.platform' to enable JTA platform integration)
2026-04-21T10:50:53.069+07:00  INFO 24868 --- [movie-recommendation] [main] j.LocalContainerEntityManagerFactoryBean : Initialized JPA EntityManagerFactory for persistence unit 'default'
2026-04-21T10:50:55.551+07:00  INFO 24868 --- [movie-recommendation] [main] o.s.d.j.r.query.QueryEnhancerFactory     : Hibernate is in classpath; If applicable, HQL parser will be used.
2026-04-21T10:50:56.730+07:00  WARN 24868 --- [movie-recommendation] [main] JpaBaseConfiguration$JpaWebConfiguration : spring.jpa.open-in-view is enabled by default. Therefore, database queries may be performed during view rendering. Explicitly configure spring.jpa.open-in-view to disable this warning
2026-04-21T10:50:56.774+07:00  INFO 24868 --- [movie-recommendation] [main] r$InitializeUserDetailsManagerConfigurer : Global AuthenticationManager configured with UserDetailsService bean with name customUserDetailService
2026-04-21T10:50:56.944+07:00 DEBUG 24868 --- [movie-recommendation] [main] o.s.s.web.DefaultSecurityFilterChain     : Will secure any request with filters: DisableEncodeUrlFilter, WebAsyncManagerIntegrationFilter, SecurityContextHolderFilter, HeaderWriterFilter, CorsFilter, LogoutFilter, JwtAuthenticationFilter, RequestCacheAwareFilter, SecurityContextHolderAwareRequestFilter, AnonymousAuthenticationFilter, ExceptionTranslationFilter, AuthorizationFilter
2026-04-21T10:50:57.035+07:00  INFO 24868 --- [movie-recommendation] [main] o.s.v.b.OptionalValidatorFactoryBean     : Failed to set up a Bean Validation provider: jakarta.validation.NoProviderFoundException: Unable to create a Configuration, because no Jakarta Bean Validation provider could be found. Add a provider like Hibernate Validator (RI) to your classpath.
2026-04-21T10:50:57.775+07:00  INFO 24868 --- [movie-recommendation] [main] o.s.b.a.e.web.EndpointLinksResolver      : Exposing 4 endpoints beneath base path '/actuator'
2026-04-21T10:50:57.948+07:00  INFO 24868 --- [movie-recommendation] [main] o.s.b.w.embedded.tomcat.TomcatWebServer  : Tomcat started on port 8080 (http) with context path '/'
2026-04-21T10:50:57.970+07:00  INFO 24868 --- [movie-recommendation] [main] n.f.m.MovieBackendApplication            : Started MovieBackendApplication in 15.728 seconds (process running for 16.872)
2026-04-21T10:54:19.625+07:00  INFO 24868 --- [movie-recommendation] [SpringApplicationShutdownHook] o.s.b.w.e.tomcat.GracefulShutdown        : Commencing graceful shutdown. Waiting for active requests to complete
2026-04-21T10:54:19.632+07:00  INFO 24868 --- [movie-recommendation] [tomcat-shutdown] o.s.b.w.e.tomcat.GracefulShutdown        : Graceful shutdown complete
2026-04-21T10:54:19.658+07:00  INFO 24868 --- [movie-recommendation] [SpringApplicationShutdownHook] j.LocalContainerEntityManagerFactoryBean : Closing JPA EntityManagerFactory for persistence unit 'default'
2026-04-21T10:54:19.660+07:00  INFO 24868 --- [movie-recommendation] [SpringApplicationShutdownHook] com.zaxxer.hikari.HikariDataSource       : HikariPool-1 - Shutdown initiated...
2026-04-21T10:54:19.745+07:00  INFO 24868 --- [movie-recommendation] [SpringApplicationShutdownHook] com.zaxxer.hikari.HikariDataSource       : HikariPool-1 - Shutdown completed.
